<?xml version="1.0" encoding="UTF-8"?>
<!-- Generated by org.testng.reporters.JUnitReportReporter -->
<testsuite hostname="VAIO" name="demojenkins.DataDriverTesting" tests="1" failures="0" timestamp="27 Aug 2017 16:33:53 GMT" time="32.822" errors="0">
  <testcase name="LoginVerify" time="32.822" classname="demojenkins.DataDriverTesting"/>
</testsuite> <!-- demojenkins.DataDriverTesting -->
