<?xml version="1.0" encoding="UTF-8"?>
<!-- Generated by org.testng.reporters.JUnitReportReporter -->
<testsuite hostname="VAIO" name="demojenkins.JenkinsJobs" tests="1" failures="0" timestamp="25 Aug 2017 15:03:22 GMT" time="16.480" errors="0">
  <testcase name="StagingServer" time="16.480" classname="demojenkins.JenkinsJobs"/>
</testsuite> <!-- demojenkins.JenkinsJobs -->
