<?xml version="1.0" encoding="UTF-8"?>
<!-- Generated by org.testng.reporters.JUnitReportReporter -->
<testsuite hostname="VAIO" name="demojenkins.FluentWaitStatement" tests="1" failures="0" timestamp="27 Aug 2017 10:43:27 GMT" time="17.359" errors="0">
  <testcase name="SampleFluentWait" time="17.359" classname="demojenkins.FluentWaitStatement"/>
</testsuite> <!-- demojenkins.FluentWaitStatement -->
