<?xml version="1.0" encoding="UTF-8"?>
<!-- Generated by org.testng.reporters.JUnitReportReporter -->
<testsuite hostname="VAIO" name="demojenkins.ExplicitWait" tests="1" failures="0" timestamp="31 Aug 2017 13:39:57 GMT" time="212.282" errors="0">
  <testcase name="sampleExplictWait" time="212.282" classname="demojenkins.ExplicitWait"/>
</testsuite> <!-- demojenkins.ExplicitWait -->
