<?xml version="1.0" encoding="UTF-8"?>
<!-- Generated by org.testng.reporters.JUnitReportReporter -->
<testsuite hostname="VAIO" name="demojenkins.SetProperties" tests="1" failures="0" timestamp="27 Aug 2017 12:57:07 GMT" time="29.878" errors="0">
  <testcase name="r" time="29.878" classname="demojenkins.SetProperties"/>
</testsuite> <!-- demojenkins.SetProperties -->
