<?xml version="1.0" encoding="UTF-8"?>
<!-- Generated by org.testng.reporters.JUnitReportReporter -->
<testsuite hostname="VAIO" name="demojenkins.ImplicitWait" tests="1" failures="0" timestamp="30 Aug 2017 15:22:51 GMT" time="10.131" errors="0">
  <testcase name="sampleImplictWait" time="10.131" classname="demojenkins.ImplicitWait"/>
</testsuite> <!-- demojenkins.ImplicitWait -->
