<?xml version="1.0" encoding="UTF-8"?>
<!-- Generated by org.testng.reporters.JUnitReportReporter -->
<testsuite hostname="VAIO" name="demojenkins.JenkinsJobs" tests="1" failures="0" timestamp="27 Aug 2017 04:34:50 GMT" time="29.540" errors="0">
  <testcase name="StagingServer" time="29.540" classname="demojenkins.JenkinsJobs"/>
</testsuite> <!-- demojenkins.JenkinsJobs -->
