<?xml version="1.0" encoding="UTF-8"?>
<!-- Generated by org.testng.reporters.JUnitReportReporter -->
<testsuite hostname="VAIO" name="demojenkins.WaitStatements" tests="1" failures="0" timestamp="27 Aug 2017 08:23:58 GMT" time="15.994" errors="0">
  <testcase name="sampleImplictWait" time="15.994" classname="demojenkins.WaitStatements"/>
</testsuite> <!-- demojenkins.WaitStatements -->
