<?xml version="1.0" encoding="UTF-8"?>
<!-- Generated by org.testng.reporters.JUnitReportReporter -->
<testsuite hostname="VAIO" name="demojenkins.IDMParent" tests="1" failures="0" timestamp="31 Aug 2017 17:06:01 GMT" time="11.078" errors="0">
  <testcase name="BaseClass" time="11.078" classname="demojenkins.IDMParent"/>
</testsuite> <!-- demojenkins.IDMParent -->
