<?xml version="1.0" encoding="UTF-8"?>
<!-- Generated by org.testng.reporters.JUnitReportReporter -->
<testsuite hostname="VAIO" name="demojenkins.ExplicitWait" tests="1" failures="0" timestamp="27 Aug 2017 08:40:43 GMT" time="34.982" errors="0">
  <testcase name="sampleExplictWait" time="34.982" classname="demojenkins.ExplicitWait"/>
</testsuite> <!-- demojenkins.ExplicitWait -->
