<?xml version="1.0" encoding="UTF-8"?>
<!-- Generated by org.testng.reporters.JUnitReportReporter -->
<testsuite hostname="VAIO" name="demojenkins.ImplicitWait" tests="1" failures="0" timestamp="27 Aug 2017 08:32:30 GMT" time="18.652" errors="0">
  <testcase name="sampleImplictWait" time="18.652" classname="demojenkins.ImplicitWait"/>
</testsuite> <!-- demojenkins.ImplicitWait -->
